The system is: Linux - 3.16.0-30-generic - x86_64
Compiling the C compiler identification source file "CMakeCCompilerId.c" succeeded.
Compiler: /mnt/hgfs/Documents/UTAH/AdvancedCompiler/project/build/bin/clang 
Build flags: 
Id flags: 

The output was:
0


Compilation of the C compiler identification source "CMakeCCompilerId.c" produced "a.out"

The C compiler identification is Clang, found in "/mnt/hgfs/Documents/UTAH/AdvancedCompiler/project/calc-compiler/build/CMakeFiles/3.6.2/CompilerIdC/a.out"

Compiling the CXX compiler identification source file "CMakeCXXCompilerId.cpp" succeeded.
Compiler: /mnt/hgfs/Documents/UTAH/AdvancedCompiler/project/build/bin/clang++ 
Build flags: 
Id flags: 

The output was:
0


Compilation of the CXX compiler identification source "CMakeCXXCompilerId.cpp" produced "a.out"

The CXX compiler identification is Clang, found in "/mnt/hgfs/Documents/UTAH/AdvancedCompiler/project/calc-compiler/build/CMakeFiles/3.6.2/CompilerIdCXX/a.out"

Determining if the C compiler works passed with the following output:
Change Dir: /mnt/hgfs/Documents/UTAH/AdvancedCompiler/project/calc-compiler/build/CMakeFiles/CMakeTmp

Run Build Command:"/usr/bin/make" "cmTC_ae181/fast"
/usr/bin/make -f CMakeFiles/cmTC_ae181.dir/build.make CMakeFiles/cmTC_ae181.dir/build
make[1]: Entering directory `/mnt/hgfs/Documents/UTAH/AdvancedCompiler/project/calc-compiler/build/CMakeFiles/CMakeTmp'
Building C object CMakeFiles/cmTC_ae181.dir/testCCompiler.c.o
/mnt/hgfs/Documents/UTAH/AdvancedCompiler/project/build/bin/clang     -o CMakeFiles/cmTC_ae181.dir/testCCompiler.c.o   -c /mnt/hgfs/Documents/UTAH/AdvancedCompiler/project/calc-compiler/build/CMakeFiles/CMakeTmp/testCCompiler.c
Linking C executable cmTC_ae181
/mnt/hgfs/Documents/UTAH/AdvancedCompiler/project/cmake-3.6.2-Linux-x86_64/bin/cmake -E cmake_link_script CMakeFiles/cmTC_ae181.dir/link.txt --verbose=1
/mnt/hgfs/Documents/UTAH/AdvancedCompiler/project/build/bin/clang       CMakeFiles/cmTC_ae181.dir/testCCompiler.c.o  -o cmTC_ae181 -rdynamic 
make[1]: Leaving directory `/mnt/hgfs/Documents/UTAH/AdvancedCompiler/project/calc-compiler/build/CMakeFiles/CMakeTmp'


Detecting C compiler ABI info compiled with the following output:
Change Dir: /mnt/hgfs/Documents/UTAH/AdvancedCompiler/project/calc-compiler/build/CMakeFiles/CMakeTmp

Run Build Command:"/usr/bin/make" "cmTC_cfdd2/fast"
/usr/bin/make -f CMakeFiles/cmTC_cfdd2.dir/build.make CMakeFiles/cmTC_cfdd2.dir/build
make[1]: Entering directory `/mnt/hgfs/Documents/UTAH/AdvancedCompiler/project/calc-compiler/build/CMakeFiles/CMakeTmp'
Building C object CMakeFiles/cmTC_cfdd2.dir/CMakeCCompilerABI.c.o
/mnt/hgfs/Documents/UTAH/AdvancedCompiler/project/build/bin/clang     -o CMakeFiles/cmTC_cfdd2.dir/CMakeCCompilerABI.c.o   -c /mnt/hgfs/Documents/UTAH/AdvancedCompiler/project/cmake-3.6.2-Linux-x86_64/share/cmake-3.6/Modules/CMakeCCompilerABI.c
Linking C executable cmTC_cfdd2
/mnt/hgfs/Documents/UTAH/AdvancedCompiler/project/cmake-3.6.2-Linux-x86_64/bin/cmake -E cmake_link_script CMakeFiles/cmTC_cfdd2.dir/link.txt --verbose=1
/mnt/hgfs/Documents/UTAH/AdvancedCompiler/project/build/bin/clang      -v CMakeFiles/cmTC_cfdd2.dir/CMakeCCompilerABI.c.o  -o cmTC_cfdd2 -rdynamic  
clang version 4.0.0 (trunk 283135) (llvm/trunk 283134)
Target: x86_64-unknown-linux-gnu
Thread model: posix
InstalledDir: /mnt/hgfs/Documents/UTAH/AdvancedCompiler/project/build/bin
Found candidate GCC installation: /usr/lib/gcc/i686-linux-gnu/4.8
Found candidate GCC installation: /usr/lib/gcc/i686-linux-gnu/4.8.4
Found candidate GCC installation: /usr/lib/gcc/i686-linux-gnu/4.9
Found candidate GCC installation: /usr/lib/gcc/i686-linux-gnu/4.9.1
Found candidate GCC installation: /usr/lib/gcc/x86_64-linux-gnu/4.8
Found candidate GCC installation: /usr/lib/gcc/x86_64-linux-gnu/4.8.4
Found candidate GCC installation: /usr/lib/gcc/x86_64-linux-gnu/4.9
Found candidate GCC installation: /usr/lib/gcc/x86_64-linux-gnu/4.9.1
Selected GCC installation: /usr/lib/gcc/x86_64-linux-gnu/4.8
Candidate multilib: .;@m64
Selected multilib: .;@m64
 "/usr/bin/ld" -export-dynamic -z relro --hash-style=gnu --eh-frame-hdr -m elf_x86_64 -export-dynamic -dynamic-linker /lib64/ld-linux-x86-64.so.2 -o cmTC_cfdd2 /usr/lib/gcc/x86_64-linux-gnu/4.8/../../../x86_64-linux-gnu/crt1.o /usr/lib/gcc/x86_64-linux-gnu/4.8/../../../x86_64-linux-gnu/crti.o /usr/lib/gcc/x86_64-linux-gnu/4.8/crtbegin.o -L/usr/lib/gcc/x86_64-linux-gnu/4.8 -L/usr/lib/gcc/x86_64-linux-gnu/4.8/../../../x86_64-linux-gnu -L/lib/x86_64-linux-gnu -L/lib/../lib64 -L/usr/lib/x86_64-linux-gnu -L/usr/lib/gcc/x86_64-linux-gnu/4.8/../../.. -L/mnt/hgfs/Documents/UTAH/AdvancedCompiler/project/build/bin/../lib -L/lib -L/usr/lib CMakeFiles/cmTC_cfdd2.dir/CMakeCCompilerABI.c.o -lgcc --as-needed -lgcc_s --no-as-needed -lc -lgcc --as-needed -lgcc_s --no-as-needed /usr/lib/gcc/x86_64-linux-gnu/4.8/crtend.o /usr/lib/gcc/x86_64-linux-gnu/4.8/../../../x86_64-linux-gnu/crtn.o
make[1]: Leaving directory `/mnt/hgfs/Documents/UTAH/AdvancedCompiler/project/calc-compiler/build/CMakeFiles/CMakeTmp'


Parsed C implicit link information from above output:
  link line regex: [^( *|.*[/\])(ld|([^/\]+-)?ld|collect2)[^/\]*( |$)]
  ignore line: [Change Dir: /mnt/hgfs/Documents/UTAH/AdvancedCompiler/project/calc-compiler/build/CMakeFiles/CMakeTmp]
  ignore line: []
  ignore line: [Run Build Command:"/usr/bin/make" "cmTC_cfdd2/fast"]
  ignore line: [/usr/bin/make -f CMakeFiles/cmTC_cfdd2.dir/build.make CMakeFiles/cmTC_cfdd2.dir/build]
  ignore line: [make[1]: Entering directory `/mnt/hgfs/Documents/UTAH/AdvancedCompiler/project/calc-compiler/build/CMakeFiles/CMakeTmp']
  ignore line: [Building C object CMakeFiles/cmTC_cfdd2.dir/CMakeCCompilerABI.c.o]
  ignore line: [/mnt/hgfs/Documents/UTAH/AdvancedCompiler/project/build/bin/clang     -o CMakeFiles/cmTC_cfdd2.dir/CMakeCCompilerABI.c.o   -c /mnt/hgfs/Documents/UTAH/AdvancedCompiler/project/cmake-3.6.2-Linux-x86_64/share/cmake-3.6/Modules/CMakeCCompilerABI.c]
  ignore line: [Linking C executable cmTC_cfdd2]
  ignore line: [/mnt/hgfs/Documents/UTAH/AdvancedCompiler/project/cmake-3.6.2-Linux-x86_64/bin/cmake -E cmake_link_script CMakeFiles/cmTC_cfdd2.dir/link.txt --verbose=1]
  ignore line: [/mnt/hgfs/Documents/UTAH/AdvancedCompiler/project/build/bin/clang      -v CMakeFiles/cmTC_cfdd2.dir/CMakeCCompilerABI.c.o  -o cmTC_cfdd2 -rdynamic  ]
  ignore line: [clang version 4.0.0 (trunk 283135) (llvm/trunk 283134)]
  ignore line: [Target: x86_64-unknown-linux-gnu]
  ignore line: [Thread model: posix]
  ignore line: [InstalledDir: /mnt/hgfs/Documents/UTAH/AdvancedCompiler/project/build/bin]
  ignore line: [Found candidate GCC installation: /usr/lib/gcc/i686-linux-gnu/4.8]
  ignore line: [Found candidate GCC installation: /usr/lib/gcc/i686-linux-gnu/4.8.4]
  ignore line: [Found candidate GCC installation: /usr/lib/gcc/i686-linux-gnu/4.9]
  ignore line: [Found candidate GCC installation: /usr/lib/gcc/i686-linux-gnu/4.9.1]
  ignore line: [Found candidate GCC installation: /usr/lib/gcc/x86_64-linux-gnu/4.8]
  ignore line: [Found candidate GCC installation: /usr/lib/gcc/x86_64-linux-gnu/4.8.4]
  ignore line: [Found candidate GCC installation: /usr/lib/gcc/x86_64-linux-gnu/4.9]
  ignore line: [Found candidate GCC installation: /usr/lib/gcc/x86_64-linux-gnu/4.9.1]
  ignore line: [Selected GCC installation: /usr/lib/gcc/x86_64-linux-gnu/4.8]
  ignore line: [Candidate multilib: .]
  ignore line: [@m64]
  ignore line: [Selected multilib: .]
  ignore line: [@m64]
  link line: [ "/usr/bin/ld" -export-dynamic -z relro --hash-style=gnu --eh-frame-hdr -m elf_x86_64 -export-dynamic -dynamic-linker /lib64/ld-linux-x86-64.so.2 -o cmTC_cfdd2 /usr/lib/gcc/x86_64-linux-gnu/4.8/../../../x86_64-linux-gnu/crt1.o /usr/lib/gcc/x86_64-linux-gnu/4.8/../../../x86_64-linux-gnu/crti.o /usr/lib/gcc/x86_64-linux-gnu/4.8/crtbegin.o -L/usr/lib/gcc/x86_64-linux-gnu/4.8 -L/usr/lib/gcc/x86_64-linux-gnu/4.8/../../../x86_64-linux-gnu -L/lib/x86_64-linux-gnu -L/lib/../lib64 -L/usr/lib/x86_64-linux-gnu -L/usr/lib/gcc/x86_64-linux-gnu/4.8/../../.. -L/mnt/hgfs/Documents/UTAH/AdvancedCompiler/project/build/bin/../lib -L/lib -L/usr/lib CMakeFiles/cmTC_cfdd2.dir/CMakeCCompilerABI.c.o -lgcc --as-needed -lgcc_s --no-as-needed -lc -lgcc --as-needed -lgcc_s --no-as-needed /usr/lib/gcc/x86_64-linux-gnu/4.8/crtend.o /usr/lib/gcc/x86_64-linux-gnu/4.8/../../../x86_64-linux-gnu/crtn.o]
    arg [/usr/bin/ld] ==> ignore
    arg [-export-dynamic] ==> ignore
    arg [-zrelro] ==> ignore
    arg [--hash-style=gnu] ==> ignore
    arg [--eh-frame-hdr] ==> ignore
    arg [-m] ==> ignore
    arg [elf_x86_64] ==> ignore
    arg [-export-dynamic] ==> ignore
    arg [-dynamic-linker] ==> ignore
    arg [/lib64/ld-linux-x86-64.so.2] ==> ignore
    arg [-o] ==> ignore
    arg [cmTC_cfdd2] ==> ignore
    arg [/usr/lib/gcc/x86_64-linux-gnu/4.8/../../../x86_64-linux-gnu/crt1.o] ==> ignore
    arg [/usr/lib/gcc/x86_64-linux-gnu/4.8/../../../x86_64-linux-gnu/crti.o] ==> ignore
    arg [/usr/lib/gcc/x86_64-linux-gnu/4.8/crtbegin.o] ==> ignore
    arg [-L/usr/lib/gcc/x86_64-linux-gnu/4.8] ==> dir [/usr/lib/gcc/x86_64-linux-gnu/4.8]
    arg [-L/usr/lib/gcc/x86_64-linux-gnu/4.8/../../../x86_64-linux-gnu] ==> dir [/usr/lib/gcc/x86_64-linux-gnu/4.8/../../../x86_64-linux-gnu]
    arg [-L/lib/x86_64-linux-gnu] ==> dir [/lib/x86_64-linux-gnu]
    arg [-L/lib/../lib64] ==> dir [/lib/../lib64]
    arg [-L/usr/lib/x86_64-linux-gnu] ==> dir [/usr/lib/x86_64-linux-gnu]
    arg [-L/usr/lib/gcc/x86_64-linux-gnu/4.8/../../..] ==> dir [/usr/lib/gcc/x86_64-linux-gnu/4.8/../../..]
    arg [-L/mnt/hgfs/Documents/UTAH/AdvancedCompiler/project/build/bin/../lib] ==> dir [/mnt/hgfs/Documents/UTAH/AdvancedCompiler/project/build/bin/../lib]
    arg [-L/lib] ==> dir [/lib]
    arg [-L/usr/lib] ==> dir [/usr/lib]
    arg [CMakeFiles/cmTC_cfdd2.dir/CMakeCCompilerABI.c.o] ==> ignore
    arg [-lgcc] ==> lib [gcc]
    arg [--as-needed] ==> ignore
    arg [-lgcc_s] ==> lib [gcc_s]
    arg [--no-as-needed] ==> ignore
    arg [-lc] ==> lib [c]
    arg [-lgcc] ==> lib [gcc]
    arg [--as-needed] ==> ignore
    arg [-lgcc_s] ==> lib [gcc_s]
    arg [--no-as-needed] ==> ignore
    arg [/usr/lib/gcc/x86_64-linux-gnu/4.8/crtend.o] ==> ignore
    arg [/usr/lib/gcc/x86_64-linux-gnu/4.8/../../../x86_64-linux-gnu/crtn.o] ==> ignore
  remove lib [gcc]
  remove lib [gcc_s]
  remove lib [gcc]
  remove lib [gcc_s]
  collapse library dir [/usr/lib/gcc/x86_64-linux-gnu/4.8] ==> [/usr/lib/gcc/x86_64-linux-gnu/4.8]
  collapse library dir [/usr/lib/gcc/x86_64-linux-gnu/4.8/../../../x86_64-linux-gnu] ==> [/usr/lib/x86_64-linux-gnu]
  collapse library dir [/lib/x86_64-linux-gnu] ==> [/lib/x86_64-linux-gnu]
  collapse library dir [/lib/../lib64] ==> [/lib64]
  collapse library dir [/usr/lib/x86_64-linux-gnu] ==> [/usr/lib/x86_64-linux-gnu]
  collapse library dir [/usr/lib/gcc/x86_64-linux-gnu/4.8/../../..] ==> [/usr/lib]
  collapse library dir [/mnt/hgfs/Documents/UTAH/AdvancedCompiler/project/build/bin/../lib] ==> [/mnt/hgfs/Documents/UTAH/AdvancedCompiler/project/build/lib]
  collapse library dir [/lib] ==> [/lib]
  collapse library dir [/usr/lib] ==> [/usr/lib]
  implicit libs: [c]
  implicit dirs: [/usr/lib/gcc/x86_64-linux-gnu/4.8;/usr/lib/x86_64-linux-gnu;/lib/x86_64-linux-gnu;/lib64;/usr/lib;/mnt/hgfs/Documents/UTAH/AdvancedCompiler/project/build/lib;/lib]
  implicit fwks: []




Detecting C [-std=c11] compiler features compiled with the following output:
Change Dir: /mnt/hgfs/Documents/UTAH/AdvancedCompiler/project/calc-compiler/build/CMakeFiles/CMakeTmp

Run Build Command:"/usr/bin/make" "cmTC_5ce45/fast"
/usr/bin/make -f CMakeFiles/cmTC_5ce45.dir/build.make CMakeFiles/cmTC_5ce45.dir/build
make[1]: Entering directory `/mnt/hgfs/Documents/UTAH/AdvancedCompiler/project/calc-compiler/build/CMakeFiles/CMakeTmp'
Building C object CMakeFiles/cmTC_5ce45.dir/feature_tests.c.o
/mnt/hgfs/Documents/UTAH/AdvancedCompiler/project/build/bin/clang    -std=c11 -o CMakeFiles/cmTC_5ce45.dir/feature_tests.c.o   -c /mnt/hgfs/Documents/UTAH/AdvancedCompiler/project/calc-compiler/build/CMakeFiles/feature_tests.c
Linking C executable cmTC_5ce45
/mnt/hgfs/Documents/UTAH/AdvancedCompiler/project/cmake-3.6.2-Linux-x86_64/bin/cmake -E cmake_link_script CMakeFiles/cmTC_5ce45.dir/link.txt --verbose=1
/mnt/hgfs/Documents/UTAH/AdvancedCompiler/project/build/bin/clang       CMakeFiles/cmTC_5ce45.dir/feature_tests.c.o  -o cmTC_5ce45 -rdynamic 
make[1]: Leaving directory `/mnt/hgfs/Documents/UTAH/AdvancedCompiler/project/calc-compiler/build/CMakeFiles/CMakeTmp'


    Feature record: C_FEATURE:1c_function_prototypes
    Feature record: C_FEATURE:1c_restrict
    Feature record: C_FEATURE:1c_static_assert
    Feature record: C_FEATURE:1c_variadic_macros


Detecting C [-std=c99] compiler features compiled with the following output:
Change Dir: /mnt/hgfs/Documents/UTAH/AdvancedCompiler/project/calc-compiler/build/CMakeFiles/CMakeTmp

Run Build Command:"/usr/bin/make" "cmTC_7f4ae/fast"
/usr/bin/make -f CMakeFiles/cmTC_7f4ae.dir/build.make CMakeFiles/cmTC_7f4ae.dir/build
make[1]: Entering directory `/mnt/hgfs/Documents/UTAH/AdvancedCompiler/project/calc-compiler/build/CMakeFiles/CMakeTmp'
Building C object CMakeFiles/cmTC_7f4ae.dir/feature_tests.c.o
/mnt/hgfs/Documents/UTAH/AdvancedCompiler/project/build/bin/clang    -std=c99 -o CMakeFiles/cmTC_7f4ae.dir/feature_tests.c.o   -c /mnt/hgfs/Documents/UTAH/AdvancedCompiler/project/calc-compiler/build/CMakeFiles/feature_tests.c
Linking C executable cmTC_7f4ae
/mnt/hgfs/Documents/UTAH/AdvancedCompiler/project/cmake-3.6.2-Linux-x86_64/bin/cmake -E cmake_link_script CMakeFiles/cmTC_7f4ae.dir/link.txt --verbose=1
/mnt/hgfs/Documents/UTAH/AdvancedCompiler/project/build/bin/clang       CMakeFiles/cmTC_7f4ae.dir/feature_tests.c.o  -o cmTC_7f4ae -rdynamic 
make[1]: Leaving directory `/mnt/hgfs/Documents/UTAH/AdvancedCompiler/project/calc-compiler/build/CMakeFiles/CMakeTmp'


    Feature record: C_FEATURE:1c_function_prototypes
    Feature record: C_FEATURE:1c_restrict
    Feature record: C_FEATURE:0c_static_assert
    Feature record: C_FEATURE:1c_variadic_macros


Detecting C [-std=c90] compiler features compiled with the following output:
Change Dir: /mnt/hgfs/Documents/UTAH/AdvancedCompiler/project/calc-compiler/build/CMakeFiles/CMakeTmp

Run Build Command:"/usr/bin/make" "cmTC_d99a8/fast"
/usr/bin/make -f CMakeFiles/cmTC_d99a8.dir/build.make CMakeFiles/cmTC_d99a8.dir/build
make[1]: Entering directory `/mnt/hgfs/Documents/UTAH/AdvancedCompiler/project/calc-compiler/build/CMakeFiles/CMakeTmp'
Building C object CMakeFiles/cmTC_d99a8.dir/feature_tests.c.o
/mnt/hgfs/Documents/UTAH/AdvancedCompiler/project/build/bin/clang    -std=c90 -o CMakeFiles/cmTC_d99a8.dir/feature_tests.c.o   -c /mnt/hgfs/Documents/UTAH/AdvancedCompiler/project/calc-compiler/build/CMakeFiles/feature_tests.c
Linking C executable cmTC_d99a8
/mnt/hgfs/Documents/UTAH/AdvancedCompiler/project/cmake-3.6.2-Linux-x86_64/bin/cmake -E cmake_link_script CMakeFiles/cmTC_d99a8.dir/link.txt --verbose=1
/mnt/hgfs/Documents/UTAH/AdvancedCompiler/project/build/bin/clang       CMakeFiles/cmTC_d99a8.dir/feature_tests.c.o  -o cmTC_d99a8 -rdynamic 
make[1]: Leaving directory `/mnt/hgfs/Documents/UTAH/AdvancedCompiler/project/calc-compiler/build/CMakeFiles/CMakeTmp'


    Feature record: C_FEATURE:1c_function_prototypes
    Feature record: C_FEATURE:0c_restrict
    Feature record: C_FEATURE:0c_static_assert
    Feature record: C_FEATURE:0c_variadic_macros
Determining if the CXX compiler works passed with the following output:
Change Dir: /mnt/hgfs/Documents/UTAH/AdvancedCompiler/project/calc-compiler/build/CMakeFiles/CMakeTmp

Run Build Command:"/usr/bin/make" "cmTC_3c12b/fast"
/usr/bin/make -f CMakeFiles/cmTC_3c12b.dir/build.make CMakeFiles/cmTC_3c12b.dir/build
make[1]: Entering directory `/mnt/hgfs/Documents/UTAH/AdvancedCompiler/project/calc-compiler/build/CMakeFiles/CMakeTmp'
Building CXX object CMakeFiles/cmTC_3c12b.dir/testCXXCompiler.cxx.o
/mnt/hgfs/Documents/UTAH/AdvancedCompiler/project/build/bin/clang++      -o CMakeFiles/cmTC_3c12b.dir/testCXXCompiler.cxx.o -c /mnt/hgfs/Documents/UTAH/AdvancedCompiler/project/calc-compiler/build/CMakeFiles/CMakeTmp/testCXXCompiler.cxx
Linking CXX executable cmTC_3c12b
/mnt/hgfs/Documents/UTAH/AdvancedCompiler/project/cmake-3.6.2-Linux-x86_64/bin/cmake -E cmake_link_script CMakeFiles/cmTC_3c12b.dir/link.txt --verbose=1
/mnt/hgfs/Documents/UTAH/AdvancedCompiler/project/build/bin/clang++        CMakeFiles/cmTC_3c12b.dir/testCXXCompiler.cxx.o  -o cmTC_3c12b -rdynamic 
make[1]: Leaving directory `/mnt/hgfs/Documents/UTAH/AdvancedCompiler/project/calc-compiler/build/CMakeFiles/CMakeTmp'


Detecting CXX compiler ABI info compiled with the following output:
Change Dir: /mnt/hgfs/Documents/UTAH/AdvancedCompiler/project/calc-compiler/build/CMakeFiles/CMakeTmp

Run Build Command:"/usr/bin/make" "cmTC_e09d2/fast"
/usr/bin/make -f CMakeFiles/cmTC_e09d2.dir/build.make CMakeFiles/cmTC_e09d2.dir/build
make[1]: Entering directory `/mnt/hgfs/Documents/UTAH/AdvancedCompiler/project/calc-compiler/build/CMakeFiles/CMakeTmp'
Building CXX object CMakeFiles/cmTC_e09d2.dir/CMakeCXXCompilerABI.cpp.o
/mnt/hgfs/Documents/UTAH/AdvancedCompiler/project/build/bin/clang++      -o CMakeFiles/cmTC_e09d2.dir/CMakeCXXCompilerABI.cpp.o -c /mnt/hgfs/Documents/UTAH/AdvancedCompiler/project/cmake-3.6.2-Linux-x86_64/share/cmake-3.6/Modules/CMakeCXXCompilerABI.cpp
Linking CXX executable cmTC_e09d2
/mnt/hgfs/Documents/UTAH/AdvancedCompiler/project/cmake-3.6.2-Linux-x86_64/bin/cmake -E cmake_link_script CMakeFiles/cmTC_e09d2.dir/link.txt --verbose=1
/mnt/hgfs/Documents/UTAH/AdvancedCompiler/project/build/bin/clang++       -v CMakeFiles/cmTC_e09d2.dir/CMakeCXXCompilerABI.cpp.o  -o cmTC_e09d2 -rdynamic  
clang version 4.0.0 (trunk 283135) (llvm/trunk 283134)
Target: x86_64-unknown-linux-gnu
Thread model: posix
InstalledDir: /mnt/hgfs/Documents/UTAH/AdvancedCompiler/project/build/bin
Found candidate GCC installation: /usr/lib/gcc/i686-linux-gnu/4.8
Found candidate GCC installation: /usr/lib/gcc/i686-linux-gnu/4.8.4
Found candidate GCC installation: /usr/lib/gcc/i686-linux-gnu/4.9
Found candidate GCC installation: /usr/lib/gcc/i686-linux-gnu/4.9.1
Found candidate GCC installation: /usr/lib/gcc/x86_64-linux-gnu/4.8
Found candidate GCC installation: /usr/lib/gcc/x86_64-linux-gnu/4.8.4
Found candidate GCC installation: /usr/lib/gcc/x86_64-linux-gnu/4.9
Found candidate GCC installation: /usr/lib/gcc/x86_64-linux-gnu/4.9.1
Selected GCC installation: /usr/lib/gcc/x86_64-linux-gnu/4.8
Candidate multilib: .;@m64
Selected multilib: .;@m64
 "/usr/bin/ld" -export-dynamic -z relro --hash-style=gnu --eh-frame-hdr -m elf_x86_64 -export-dynamic -dynamic-linker /lib64/ld-linux-x86-64.so.2 -o cmTC_e09d2 /usr/lib/gcc/x86_64-linux-gnu/4.8/../../../x86_64-linux-gnu/crt1.o /usr/lib/gcc/x86_64-linux-gnu/4.8/../../../x86_64-linux-gnu/crti.o /usr/lib/gcc/x86_64-linux-gnu/4.8/crtbegin.o -L/usr/lib/gcc/x86_64-linux-gnu/4.8 -L/usr/lib/gcc/x86_64-linux-gnu/4.8/../../../x86_64-linux-gnu -L/lib/x86_64-linux-gnu -L/lib/../lib64 -L/usr/lib/x86_64-linux-gnu -L/usr/lib/gcc/x86_64-linux-gnu/4.8/../../.. -L/mnt/hgfs/Documents/UTAH/AdvancedCompiler/project/build/bin/../lib -L/lib -L/usr/lib CMakeFiles/cmTC_e09d2.dir/CMakeCXXCompilerABI.cpp.o -lstdc++ -lm -lgcc_s -lgcc -lc -lgcc_s -lgcc /usr/lib/gcc/x86_64-linux-gnu/4.8/crtend.o /usr/lib/gcc/x86_64-linux-gnu/4.8/../../../x86_64-linux-gnu/crtn.o
make[1]: Leaving directory `/mnt/hgfs/Documents/UTAH/AdvancedCompiler/project/calc-compiler/build/CMakeFiles/CMakeTmp'


Parsed CXX implicit link information from above output:
  link line regex: [^( *|.*[/\])(ld|([^/\]+-)?ld|collect2)[^/\]*( |$)]
  ignore line: [Change Dir: /mnt/hgfs/Documents/UTAH/AdvancedCompiler/project/calc-compiler/build/CMakeFiles/CMakeTmp]
  ignore line: []
  ignore line: [Run Build Command:"/usr/bin/make" "cmTC_e09d2/fast"]
  ignore line: [/usr/bin/make -f CMakeFiles/cmTC_e09d2.dir/build.make CMakeFiles/cmTC_e09d2.dir/build]
  ignore line: [make[1]: Entering directory `/mnt/hgfs/Documents/UTAH/AdvancedCompiler/project/calc-compiler/build/CMakeFiles/CMakeTmp']
  ignore line: [Building CXX object CMakeFiles/cmTC_e09d2.dir/CMakeCXXCompilerABI.cpp.o]
  ignore line: [/mnt/hgfs/Documents/UTAH/AdvancedCompiler/project/build/bin/clang++      -o CMakeFiles/cmTC_e09d2.dir/CMakeCXXCompilerABI.cpp.o -c /mnt/hgfs/Documents/UTAH/AdvancedCompiler/project/cmake-3.6.2-Linux-x86_64/share/cmake-3.6/Modules/CMakeCXXCompilerABI.cpp]
  ignore line: [Linking CXX executable cmTC_e09d2]
  ignore line: [/mnt/hgfs/Documents/UTAH/AdvancedCompiler/project/cmake-3.6.2-Linux-x86_64/bin/cmake -E cmake_link_script CMakeFiles/cmTC_e09d2.dir/link.txt --verbose=1]
  ignore line: [/mnt/hgfs/Documents/UTAH/AdvancedCompiler/project/build/bin/clang++       -v CMakeFiles/cmTC_e09d2.dir/CMakeCXXCompilerABI.cpp.o  -o cmTC_e09d2 -rdynamic  ]
  ignore line: [clang version 4.0.0 (trunk 283135) (llvm/trunk 283134)]
  ignore line: [Target: x86_64-unknown-linux-gnu]
  ignore line: [Thread model: posix]
  ignore line: [InstalledDir: /mnt/hgfs/Documents/UTAH/AdvancedCompiler/project/build/bin]
  ignore line: [Found candidate GCC installation: /usr/lib/gcc/i686-linux-gnu/4.8]
  ignore line: [Found candidate GCC installation: /usr/lib/gcc/i686-linux-gnu/4.8.4]
  ignore line: [Found candidate GCC installation: /usr/lib/gcc/i686-linux-gnu/4.9]
  ignore line: [Found candidate GCC installation: /usr/lib/gcc/i686-linux-gnu/4.9.1]
  ignore line: [Found candidate GCC installation: /usr/lib/gcc/x86_64-linux-gnu/4.8]
  ignore line: [Found candidate GCC installation: /usr/lib/gcc/x86_64-linux-gnu/4.8.4]
  ignore line: [Found candidate GCC installation: /usr/lib/gcc/x86_64-linux-gnu/4.9]
  ignore line: [Found candidate GCC installation: /usr/lib/gcc/x86_64-linux-gnu/4.9.1]
  ignore line: [Selected GCC installation: /usr/lib/gcc/x86_64-linux-gnu/4.8]
  ignore line: [Candidate multilib: .]
  ignore line: [@m64]
  ignore line: [Selected multilib: .]
  ignore line: [@m64]
  link line: [ "/usr/bin/ld" -export-dynamic -z relro --hash-style=gnu --eh-frame-hdr -m elf_x86_64 -export-dynamic -dynamic-linker /lib64/ld-linux-x86-64.so.2 -o cmTC_e09d2 /usr/lib/gcc/x86_64-linux-gnu/4.8/../../../x86_64-linux-gnu/crt1.o /usr/lib/gcc/x86_64-linux-gnu/4.8/../../../x86_64-linux-gnu/crti.o /usr/lib/gcc/x86_64-linux-gnu/4.8/crtbegin.o -L/usr/lib/gcc/x86_64-linux-gnu/4.8 -L/usr/lib/gcc/x86_64-linux-gnu/4.8/../../../x86_64-linux-gnu -L/lib/x86_64-linux-gnu -L/lib/../lib64 -L/usr/lib/x86_64-linux-gnu -L/usr/lib/gcc/x86_64-linux-gnu/4.8/../../.. -L/mnt/hgfs/Documents/UTAH/AdvancedCompiler/project/build/bin/../lib -L/lib -L/usr/lib CMakeFiles/cmTC_e09d2.dir/CMakeCXXCompilerABI.cpp.o -lstdc++ -lm -lgcc_s -lgcc -lc -lgcc_s -lgcc /usr/lib/gcc/x86_64-linux-gnu/4.8/crtend.o /usr/lib/gcc/x86_64-linux-gnu/4.8/../../../x86_64-linux-gnu/crtn.o]
    arg [/usr/bin/ld] ==> ignore
    arg [-export-dynamic] ==> ignore
    arg [-zrelro] ==> ignore
    arg [--hash-style=gnu] ==> ignore
    arg [--eh-frame-hdr] ==> ignore
    arg [-m] ==> ignore
    arg [elf_x86_64] ==> ignore
    arg [-export-dynamic] ==> ignore
    arg [-dynamic-linker] ==> ignore
    arg [/lib64/ld-linux-x86-64.so.2] ==> ignore
    arg [-o] ==> ignore
    arg [cmTC_e09d2] ==> ignore
    arg [/usr/lib/gcc/x86_64-linux-gnu/4.8/../../../x86_64-linux-gnu/crt1.o] ==> ignore
    arg [/usr/lib/gcc/x86_64-linux-gnu/4.8/../../../x86_64-linux-gnu/crti.o] ==> ignore
    arg [/usr/lib/gcc/x86_64-linux-gnu/4.8/crtbegin.o] ==> ignore
    arg [-L/usr/lib/gcc/x86_64-linux-gnu/4.8] ==> dir [/usr/lib/gcc/x86_64-linux-gnu/4.8]
    arg [-L/usr/lib/gcc/x86_64-linux-gnu/4.8/../../../x86_64-linux-gnu] ==> dir [/usr/lib/gcc/x86_64-linux-gnu/4.8/../../../x86_64-linux-gnu]
    arg [-L/lib/x86_64-linux-gnu] ==> dir [/lib/x86_64-linux-gnu]
    arg [-L/lib/../lib64] ==> dir [/lib/../lib64]
    arg [-L/usr/lib/x86_64-linux-gnu] ==> dir [/usr/lib/x86_64-linux-gnu]
    arg [-L/usr/lib/gcc/x86_64-linux-gnu/4.8/../../..] ==> dir [/usr/lib/gcc/x86_64-linux-gnu/4.8/../../..]
    arg [-L/mnt/hgfs/Documents/UTAH/AdvancedCompiler/project/build/bin/../lib] ==> dir [/mnt/hgfs/Documents/UTAH/AdvancedCompiler/project/build/bin/../lib]
    arg [-L/lib] ==> dir [/lib]
    arg [-L/usr/lib] ==> dir [/usr/lib]
    arg [CMakeFiles/cmTC_e09d2.dir/CMakeCXXCompilerABI.cpp.o] ==> ignore
    arg [-lstdc++] ==> lib [stdc++]
    arg [-lm] ==> lib [m]
    arg [-lgcc_s] ==> lib [gcc_s]
    arg [-lgcc] ==> lib [gcc]
    arg [-lc] ==> lib [c]
    arg [-lgcc_s] ==> lib [gcc_s]
    arg [-lgcc] ==> lib [gcc]
    arg [/usr/lib/gcc/x86_64-linux-gnu/4.8/crtend.o] ==> ignore
    arg [/usr/lib/gcc/x86_64-linux-gnu/4.8/../../../x86_64-linux-gnu/crtn.o] ==> ignore
  remove lib [gcc_s]
  remove lib [gcc]
  remove lib [gcc_s]
  remove lib [gcc]
  collapse library dir [/usr/lib/gcc/x86_64-linux-gnu/4.8] ==> [/usr/lib/gcc/x86_64-linux-gnu/4.8]
  collapse library dir [/usr/lib/gcc/x86_64-linux-gnu/4.8/../../../x86_64-linux-gnu] ==> [/usr/lib/x86_64-linux-gnu]
  collapse library dir [/lib/x86_64-linux-gnu] ==> [/lib/x86_64-linux-gnu]
  collapse library dir [/lib/../lib64] ==> [/lib64]
  collapse library dir [/usr/lib/x86_64-linux-gnu] ==> [/usr/lib/x86_64-linux-gnu]
  collapse library dir [/usr/lib/gcc/x86_64-linux-gnu/4.8/../../..] ==> [/usr/lib]
  collapse library dir [/mnt/hgfs/Documents/UTAH/AdvancedCompiler/project/build/bin/../lib] ==> [/mnt/hgfs/Documents/UTAH/AdvancedCompiler/project/build/lib]
  collapse library dir [/lib] ==> [/lib]
  collapse library dir [/usr/lib] ==> [/usr/lib]
  implicit libs: [stdc++;m;c]
  implicit dirs: [/usr/lib/gcc/x86_64-linux-gnu/4.8;/usr/lib/x86_64-linux-gnu;/lib/x86_64-linux-gnu;/lib64;/usr/lib;/mnt/hgfs/Documents/UTAH/AdvancedCompiler/project/build/lib;/lib]
  implicit fwks: []




Detecting CXX [-std=c++14] compiler features compiled with the following output:
Change Dir: /mnt/hgfs/Documents/UTAH/AdvancedCompiler/project/calc-compiler/build/CMakeFiles/CMakeTmp

Run Build Command:"/usr/bin/make" "cmTC_2fc70/fast"
/usr/bin/make -f CMakeFiles/cmTC_2fc70.dir/build.make CMakeFiles/cmTC_2fc70.dir/build
make[1]: Entering directory `/mnt/hgfs/Documents/UTAH/AdvancedCompiler/project/calc-compiler/build/CMakeFiles/CMakeTmp'
Building CXX object CMakeFiles/cmTC_2fc70.dir/feature_tests.cxx.o
/mnt/hgfs/Documents/UTAH/AdvancedCompiler/project/build/bin/clang++     -std=c++14 -o CMakeFiles/cmTC_2fc70.dir/feature_tests.cxx.o -c /mnt/hgfs/Documents/UTAH/AdvancedCompiler/project/calc-compiler/build/CMakeFiles/feature_tests.cxx
Linking CXX executable cmTC_2fc70
/mnt/hgfs/Documents/UTAH/AdvancedCompiler/project/cmake-3.6.2-Linux-x86_64/bin/cmake -E cmake_link_script CMakeFiles/cmTC_2fc70.dir/link.txt --verbose=1
/mnt/hgfs/Documents/UTAH/AdvancedCompiler/project/build/bin/clang++        CMakeFiles/cmTC_2fc70.dir/feature_tests.cxx.o  -o cmTC_2fc70 -rdynamic 
make[1]: Leaving directory `/mnt/hgfs/Documents/UTAH/AdvancedCompiler/project/calc-compiler/build/CMakeFiles/CMakeTmp'


    Feature record: CXX_FEATURE:1cxx_aggregate_default_initializers
    Feature record: CXX_FEATURE:1cxx_alias_templates
    Feature record: CXX_FEATURE:1cxx_alignas
    Feature record: CXX_FEATURE:1cxx_alignof
    Feature record: CXX_FEATURE:1cxx_attributes
    Feature record: CXX_FEATURE:1cxx_attribute_deprecated
    Feature record: CXX_FEATURE:1cxx_auto_type
    Feature record: CXX_FEATURE:1cxx_binary_literals
    Feature record: CXX_FEATURE:1cxx_constexpr
    Feature record: CXX_FEATURE:1cxx_contextual_conversions
    Feature record: CXX_FEATURE:1cxx_decltype
    Feature record: CXX_FEATURE:1cxx_decltype_auto
    Feature record: CXX_FEATURE:1cxx_decltype_incomplete_return_types
    Feature record: CXX_FEATURE:1cxx_default_function_template_args
    Feature record: CXX_FEATURE:1cxx_defaulted_functions
    Feature record: CXX_FEATURE:1cxx_defaulted_move_initializers
    Feature record: CXX_FEATURE:1cxx_delegating_constructors
    Feature record: CXX_FEATURE:1cxx_deleted_functions
    Feature record: CXX_FEATURE:1cxx_digit_separators
    Feature record: CXX_FEATURE:1cxx_enum_forward_declarations
    Feature record: CXX_FEATURE:1cxx_explicit_conversions
    Feature record: CXX_FEATURE:1cxx_extended_friend_declarations
    Feature record: CXX_FEATURE:1cxx_extern_templates
    Feature record: CXX_FEATURE:1cxx_final
    Feature record: CXX_FEATURE:1cxx_func_identifier
    Feature record: CXX_FEATURE:1cxx_generalized_initializers
    Feature record: CXX_FEATURE:1cxx_generic_lambdas
    Feature record: CXX_FEATURE:1cxx_inheriting_constructors
    Feature record: CXX_FEATURE:1cxx_inline_namespaces
    Feature record: CXX_FEATURE:1cxx_lambdas
    Feature record: CXX_FEATURE:1cxx_lambda_init_captures
    Feature record: CXX_FEATURE:1cxx_local_type_template_args
    Feature record: CXX_FEATURE:1cxx_long_long_type
    Feature record: CXX_FEATURE:1cxx_noexcept
    Feature record: CXX_FEATURE:1cxx_nonstatic_member_init
    Feature record: CXX_FEATURE:1cxx_nullptr
    Feature record: CXX_FEATURE:1cxx_override
    Feature record: CXX_FEATURE:1cxx_range_for
    Feature record: CXX_FEATURE:1cxx_raw_string_literals
    Feature record: CXX_FEATURE:1cxx_reference_qualified_functions
    Feature record: CXX_FEATURE:1cxx_relaxed_constexpr
    Feature record: CXX_FEATURE:1cxx_return_type_deduction
    Feature record: CXX_FEATURE:1cxx_right_angle_brackets
    Feature record: CXX_FEATURE:1cxx_rvalue_references
    Feature record: CXX_FEATURE:1cxx_sizeof_member
    Feature record: CXX_FEATURE:1cxx_static_assert
    Feature record: CXX_FEATURE:1cxx_strong_enums
    Feature record: CXX_FEATURE:1cxx_template_template_parameters
    Feature record: CXX_FEATURE:1cxx_thread_local
    Feature record: CXX_FEATURE:1cxx_trailing_return_types
    Feature record: CXX_FEATURE:1cxx_unicode_literals
    Feature record: CXX_FEATURE:1cxx_uniform_initialization
    Feature record: CXX_FEATURE:1cxx_unrestricted_unions
    Feature record: CXX_FEATURE:1cxx_user_literals
    Feature record: CXX_FEATURE:1cxx_variable_templates
    Feature record: CXX_FEATURE:1cxx_variadic_macros
    Feature record: CXX_FEATURE:1cxx_variadic_templates


Detecting CXX [-std=c++11] compiler features compiled with the following output:
Change Dir: /mnt/hgfs/Documents/UTAH/AdvancedCompiler/project/calc-compiler/build/CMakeFiles/CMakeTmp

Run Build Command:"/usr/bin/make" "cmTC_12126/fast"
/usr/bin/make -f CMakeFiles/cmTC_12126.dir/build.make CMakeFiles/cmTC_12126.dir/build
make[1]: Entering directory `/mnt/hgfs/Documents/UTAH/AdvancedCompiler/project/calc-compiler/build/CMakeFiles/CMakeTmp'
Building CXX object CMakeFiles/cmTC_12126.dir/feature_tests.cxx.o
/mnt/hgfs/Documents/UTAH/AdvancedCompiler/project/build/bin/clang++     -std=c++11 -o CMakeFiles/cmTC_12126.dir/feature_tests.cxx.o -c /mnt/hgfs/Documents/UTAH/AdvancedCompiler/project/calc-compiler/build/CMakeFiles/feature_tests.cxx
Linking CXX executable cmTC_12126
/mnt/hgfs/Documents/UTAH/AdvancedCompiler/project/cmake-3.6.2-Linux-x86_64/bin/cmake -E cmake_link_script CMakeFiles/cmTC_12126.dir/link.txt --verbose=1
/mnt/hgfs/Documents/UTAH/AdvancedCompiler/project/build/bin/clang++        CMakeFiles/cmTC_12126.dir/feature_tests.cxx.o  -o cmTC_12126 -rdynamic 
make[1]: Leaving directory `/mnt/hgfs/Documents/UTAH/AdvancedCompiler/project/calc-compiler/build/CMakeFiles/CMakeTmp'


    Feature record: CXX_FEATURE:0cxx_aggregate_default_initializers
    Feature record: CXX_FEATURE:1cxx_alias_templates
    Feature record: CXX_FEATURE:1cxx_alignas
    Feature record: CXX_FEATURE:1cxx_alignof
    Feature record: CXX_FEATURE:1cxx_attributes
    Feature record: CXX_FEATURE:0cxx_attribute_deprecated
    Feature record: CXX_FEATURE:1cxx_auto_type
    Feature record: CXX_FEATURE:0cxx_binary_literals
    Feature record: CXX_FEATURE:1cxx_constexpr
    Feature record: CXX_FEATURE:0cxx_contextual_conversions
    Feature record: CXX_FEATURE:1cxx_decltype
    Feature record: CXX_FEATURE:0cxx_decltype_auto
    Feature record: CXX_FEATURE:1cxx_decltype_incomplete_return_types
    Feature record: CXX_FEATURE:1cxx_default_function_template_args
    Feature record: CXX_FEATURE:1cxx_defaulted_functions
    Feature record: CXX_FEATURE:1cxx_defaulted_move_initializers
    Feature record: CXX_FEATURE:1cxx_delegating_constructors
    Feature record: CXX_FEATURE:1cxx_deleted_functions
    Feature record: CXX_FEATURE:0cxx_digit_separators
    Feature record: CXX_FEATURE:1cxx_enum_forward_declarations
    Feature record: CXX_FEATURE:1cxx_explicit_conversions
    Feature record: CXX_FEATURE:1cxx_extended_friend_declarations
    Feature record: CXX_FEATURE:1cxx_extern_templates
    Feature record: CXX_FEATURE:1cxx_final
    Feature record: CXX_FEATURE:1cxx_func_identifier
    Feature record: CXX_FEATURE:1cxx_generalized_initializers
    Feature record: CXX_FEATURE:0cxx_generic_lambdas
    Feature record: CXX_FEATURE:1cxx_inheriting_constructors
    Feature record: CXX_FEATURE:1cxx_inline_namespaces
    Feature record: CXX_FEATURE:1cxx_lambdas
    Feature record: CXX_FEATURE:0cxx_lambda_init_captures
    Feature record: CXX_FEATURE:1cxx_local_type_template_args
    Feature record: CXX_FEATURE:1cxx_long_long_type
    Feature record: CXX_FEATURE:1cxx_noexcept
    Feature record: CXX_FEATURE:1cxx_nonstatic_member_init
    Feature record: CXX_FEATURE:1cxx_nullptr
    Feature record: CXX_FEATURE:1cxx_override
    Feature record: CXX_FEATURE:1cxx_range_for
    Feature record: CXX_FEATURE:1cxx_raw_string_literals
    Feature record: CXX_FEATURE:1cxx_reference_qualified_functions
    Feature record: CXX_FEATURE:0cxx_relaxed_constexpr
    Feature record: CXX_FEATURE:0cxx_return_type_deduction
    Feature record: CXX_FEATURE:1cxx_right_angle_brackets
    Feature record: CXX_FEATURE:1cxx_rvalue_references
    Feature record: CXX_FEATURE:1cxx_sizeof_member
    Feature record: CXX_FEATURE:1cxx_static_assert
    Feature record: CXX_FEATURE:1cxx_strong_enums
    Feature record: CXX_FEATURE:1cxx_template_template_parameters
    Feature record: CXX_FEATURE:1cxx_thread_local
    Feature record: CXX_FEATURE:1cxx_trailing_return_types
    Feature record: CXX_FEATURE:1cxx_unicode_literals
    Feature record: CXX_FEATURE:1cxx_uniform_initialization
    Feature record: CXX_FEATURE:1cxx_unrestricted_unions
    Feature record: CXX_FEATURE:1cxx_user_literals
    Feature record: CXX_FEATURE:0cxx_variable_templates
    Feature record: CXX_FEATURE:1cxx_variadic_macros
    Feature record: CXX_FEATURE:1cxx_variadic_templates


Detecting CXX [-std=c++98] compiler features compiled with the following output:
Change Dir: /mnt/hgfs/Documents/UTAH/AdvancedCompiler/project/calc-compiler/build/CMakeFiles/CMakeTmp

Run Build Command:"/usr/bin/make" "cmTC_4c5ce/fast"
/usr/bin/make -f CMakeFiles/cmTC_4c5ce.dir/build.make CMakeFiles/cmTC_4c5ce.dir/build
make[1]: Entering directory `/mnt/hgfs/Documents/UTAH/AdvancedCompiler/project/calc-compiler/build/CMakeFiles/CMakeTmp'
Building CXX object CMakeFiles/cmTC_4c5ce.dir/feature_tests.cxx.o
/mnt/hgfs/Documents/UTAH/AdvancedCompiler/project/build/bin/clang++     -std=c++98 -o CMakeFiles/cmTC_4c5ce.dir/feature_tests.cxx.o -c /mnt/hgfs/Documents/UTAH/AdvancedCompiler/project/calc-compiler/build/CMakeFiles/feature_tests.cxx
Linking CXX executable cmTC_4c5ce
/mnt/hgfs/Documents/UTAH/AdvancedCompiler/project/cmake-3.6.2-Linux-x86_64/bin/cmake -E cmake_link_script CMakeFiles/cmTC_4c5ce.dir/link.txt --verbose=1
/mnt/hgfs/Documents/UTAH/AdvancedCompiler/project/build/bin/clang++        CMakeFiles/cmTC_4c5ce.dir/feature_tests.cxx.o  -o cmTC_4c5ce -rdynamic 
make[1]: Leaving directory `/mnt/hgfs/Documents/UTAH/AdvancedCompiler/project/calc-compiler/build/CMakeFiles/CMakeTmp'


    Feature record: CXX_FEATURE:0cxx_aggregate_default_initializers
    Feature record: CXX_FEATURE:0cxx_alias_templates
    Feature record: CXX_FEATURE:0cxx_alignas
    Feature record: CXX_FEATURE:0cxx_alignof
    Feature record: CXX_FEATURE:0cxx_attributes
    Feature record: CXX_FEATURE:0cxx_attribute_deprecated
    Feature record: CXX_FEATURE:0cxx_auto_type
    Feature record: CXX_FEATURE:0cxx_binary_literals
    Feature record: CXX_FEATURE:0cxx_constexpr
    Feature record: CXX_FEATURE:0cxx_contextual_conversions
    Feature record: CXX_FEATURE:0cxx_decltype
    Feature record: CXX_FEATURE:0cxx_decltype_auto
    Feature record: CXX_FEATURE:0cxx_decltype_incomplete_return_types
    Feature record: CXX_FEATURE:0cxx_default_function_template_args
    Feature record: CXX_FEATURE:0cxx_defaulted_functions
    Feature record: CXX_FEATURE:0cxx_defaulted_move_initializers
    Feature record: CXX_FEATURE:0cxx_delegating_constructors
    Feature record: CXX_FEATURE:0cxx_deleted_functions
    Feature record: CXX_FEATURE:0cxx_digit_separators
    Feature record: CXX_FEATURE:0cxx_enum_forward_declarations
    Feature record: CXX_FEATURE:0cxx_explicit_conversions
    Feature record: CXX_FEATURE:0cxx_extended_friend_declarations
    Feature record: CXX_FEATURE:0cxx_extern_templates
    Feature record: CXX_FEATURE:0cxx_final
    Feature record: CXX_FEATURE:0cxx_func_identifier
    Feature record: CXX_FEATURE:0cxx_generalized_initializers
    Feature record: CXX_FEATURE:0cxx_generic_lambdas
    Feature record: CXX_FEATURE:0cxx_inheriting_constructors
    Feature record: CXX_FEATURE:0cxx_inline_namespaces
    Feature record: CXX_FEATURE:0cxx_lambdas
    Feature record: CXX_FEATURE:0cxx_lambda_init_captures
    Feature record: CXX_FEATURE:0cxx_local_type_template_args
    Feature record: CXX_FEATURE:0cxx_long_long_type
    Feature record: CXX_FEATURE:0cxx_noexcept
    Feature record: CXX_FEATURE:0cxx_nonstatic_member_init
    Feature record: CXX_FEATURE:0cxx_nullptr
    Feature record: CXX_FEATURE:0cxx_override
    Feature record: CXX_FEATURE:0cxx_range_for
    Feature record: CXX_FEATURE:0cxx_raw_string_literals
    Feature record: CXX_FEATURE:0cxx_reference_qualified_functions
    Feature record: CXX_FEATURE:0cxx_relaxed_constexpr
    Feature record: CXX_FEATURE:0cxx_return_type_deduction
    Feature record: CXX_FEATURE:0cxx_right_angle_brackets
    Feature record: CXX_FEATURE:0cxx_rvalue_references
    Feature record: CXX_FEATURE:0cxx_sizeof_member
    Feature record: CXX_FEATURE:0cxx_static_assert
    Feature record: CXX_FEATURE:0cxx_strong_enums
    Feature record: CXX_FEATURE:1cxx_template_template_parameters
    Feature record: CXX_FEATURE:0cxx_thread_local
    Feature record: CXX_FEATURE:0cxx_trailing_return_types
    Feature record: CXX_FEATURE:0cxx_unicode_literals
    Feature record: CXX_FEATURE:0cxx_uniform_initialization
    Feature record: CXX_FEATURE:0cxx_unrestricted_unions
    Feature record: CXX_FEATURE:0cxx_user_literals
    Feature record: CXX_FEATURE:0cxx_variable_templates
    Feature record: CXX_FEATURE:0cxx_variadic_macros
    Feature record: CXX_FEATURE:0cxx_variadic_templates
